17:57:30 Sep 05 1994:  #wetsex on #wetsex sent piraeus!piraeus@netcom16.netcom.com REVIEW (null)
17:57:38 Sep 05 1994:  #wetsex on #wetsex sent piraeus!piraeus@netcom16.netcom.com REVIEW 5
17:57:54 Sep 05 1994:  #wetsex on * sent piraeus!piraeus@netcom16.netcom.com DIE I FUCKING ROCK!
18:06:40 Sep 05 1994:  #wetsex on * sent piraeus!piraeus@netcom16.netcom.com PING (null)
18:07:01 Sep 05 1994:  #wetsex on * sent piraeus!piraeus@netcom16.netcom.com PING (null)
18:07:15 Sep 05 1994:  #wetsex on #wetsex sent piraeus!piraeus@netcom16.netcom.com REVIEW 3
18:07:56 Sep 05 1994:  #wetsex on * sent piraeus!piraeus@netcom16.netcom.com DIE ok.. maybe not quite yet ...
18:10:52 Sep 05 1994:  #wetsex on * sent pir!piraeus@netcom16.netcom.com PING (null)
18:11:13 Sep 05 1994:  #wetsex on #wetsex sent pir!piraeus@netcom16.netcom.com REVIEW 3
18:11:21 Sep 05 1994:  #wetsex on * sent pir!piraeus@netcom16.netcom.com DIE (null)
18:15:37 Sep 05 1994:  #wetsex on #wetsex sent piraeus!piraeus@netcom16.netcom.com REVIEW 3
18:16:04 Sep 05 1994:  #wetsex on * sent piraeus!piraeus@netcom16.netcom.com DIE tune me up bitch
18:31:39 Sep 05 1994:  #wetsex on #wetsex sent piraeus!piraeus@netcom4.netcom.com OPME (null)
18:32:37 Sep 05 1994:  draku on * sent piraeus!piraeus@netcom4.netcom.com DIE (null)
18:32:48 Sep 05 1994:  #wetsex on * sent piraeus!piraeus@netcom4.netcom.com PING (null)
18:33:06 Sep 05 1994:  #wetsex on #wetsex sent piraeus!piraeus@netcom4.netcom.com REVIEW 3
18:33:37 Sep 05 1994:  #wetsex on * sent piraeus!piraeus@netcom4.netcom.com DIE (null)
18:48:20 Sep 05 1994:  #wetsex on #wetsex sent piraeus!piraeus@netcom4.netcom.com REVIEW 3
18:51:31 Sep 05 1994:  #wetsex on #wetsex sent piraeus!piraeus@netcom4.netcom.com REVIEW 3
18:51:55 Sep 05 1994:  #wetsex on * sent piraeus!piraeus@netcom4.netcom.com DIE (null)
18:59:48 Sep 05 1994:  #wetsex on #wetsex sent RastAm0n!rastapad@valis.worldgate.edmonton.ab.ca REVIEW 3
19:00:19 Sep 05 1994:  #wetsex on #wetsex sent RastAm0n!rastapad@valis.worldgate.edmonton.ab.ca REVIEW (null)
19:00:28 Sep 05 1994:  #wetsex on #wetsex sent RastAm0n!rastapad@valis.worldgate.edmonton.ab.ca REVIEW 1
19:02:37 Sep 05 1994:  draku on * sent piraeus!piraeus@netcom14.netcom.com DIE (null)
19:02:45 Sep 05 1994:  #wetsex on * sent piraeus!piraeus@netcom14.netcom.com PING (null)
19:03:13 Sep 05 1994:  #wetsex on * sent piraeus!piraeus@netcom14.netcom.com HELP review
19:10:10 Sep 05 1994:  #wetsex on #wetsex sent piraeus!piraeus@netcom14.netcom.com OPME (null)
19:10:24 Sep 05 1994:  #wetsex on #wetsex sent pir!piraeus@netcom14.netcom.com OPME (null)
19:11:50 Sep 05 1994:  #wetsex on #wetsex sent pir!piraeus@netcom14.netcom.com OPME (null)
20:36:59 Sep 05 1994:  draku on * sent piraeus!piraeus@netcom9.netcom.com JOIN 
20:37:39 Sep 05 1994:  #camelot on * sent piraeus!piraeus@netcom9.netcom.com PING (null)
20:39:59 Sep 05 1994:  #camelot on #camelot sent RastAm0n!rastapad@valis.worldgate.edmonton.ab.ca OPME (null)
20:49:04 Sep 05 1994:  #wetsex on #wetsex sent piraeus!piraeus@netcom9.netcom.com OPME (null)
20:49:47 Sep 05 1994:  #wetsex on #wetsex sent Goldey!uclw@cerberus.csci.sunyit.edu OPME (null)
20:51:21 Sep 05 1994:  #wetsex on #wetsex sent DonJuan!satanas@coos.dartmouth.edu ACCESS (null)
20:52:41 Sep 05 1994:  #wetsex on * sent SirElrik!elrik@pnet.com ADD * merlin 50 1 1
20:52:50 Sep 05 1994:  #camelot on #camelot sent Gwynivere!will0227@goldx.tc.umn.edu OPME (null)
20:52:54 Sep 05 1994:  #wetsex on * sent SirElrik!elrik@pnet.com SAVEUSERS (null)
20:54:06 Sep 05 1994:  #camelot on * sent rasta!rastapad@valis.worldgate.edmonton.ab.ca AOP mazengale
20:54:23 Sep 05 1994:  #camelot on * sent rasta!rastapad@valis.worldgate.edmonton.ab.ca AOP * mazengale
20:54:53 Sep 05 1994:  #camelot on * sent rasta!rastapad@valis.worldgate.edmonton.ab.ca AOP mazengale *
20:55:12 Sep 05 1994:  #wetsex on #wetsex sent Goldey!uclw@cerberus.csci.sunyit.edu OPME (null)
20:55:21 Sep 05 1994:  #wetsex on #wetsex sent Goldey!uclw@cerberus.csci.sunyit.edu OPME (null)
20:55:38 Sep 05 1994:  #wetsex on * sent RastAm0n!rastapad@valis.worldgate.edmonton.ab.ca AOP mazengale
20:56:52 Sep 05 1994:  #wetsex on #wetsex sent RastAm0n!rastapad@valis.worldgate.edmonton.ab.ca OPME (null)
22:38:18 Sep 05 1994:  #pir on * sent piraeus!piraeus@netcom5.netcom.com PING (null)
22:43:30 Sep 05 1994:  #pir on * sent piraeus!piraeus@netcom5.netcom.com LEAVE (null)
22:43:41 Sep 05 1994:  draku on * sent piraeus!piraeus@netcom5.netcom.com JOIN 
22:44:50 Sep 05 1994:  #wetsex on #wetsex sent Makara!will0227@goldx.tc.umn.edu OPME (null)
22:44:52 Sep 05 1994:  #wetsex on #wetsex sent Makara!will0227@goldx.tc.umn.edu OPME (null)
22:44:52 Sep 05 1994:  #wetsex on #wetsex sent Makara!will0227@goldx.tc.umn.edu OPME (null)
22:44:53 Sep 05 1994:  #wetsex on #wetsex sent Makara!will0227@goldx.tc.umn.edu OPME (null)
22:47:13 Sep 05 1994:  #wetsex on #wetsex sent WiLyCaT!ez042702@dale.ucdavis.edu OPME (null)
22:48:09 Sep 05 1994:  #wetsex on #wetsex sent DonJuan!satanas@coos.dartmouth.edu AUTH peru
22:52:17 Sep 05 1994:  #wetsex on #wetsex sent SnowMan!~martinb@152.157.4.77 OPME me fuqers
22:55:14 Sep 05 1994:  #wetsex on #wetsex sent DonJuan!satanas@coos.dartmouth.edu MASSOPU (null)
23:01:14 Sep 05 1994:  #wetsex on #wetsex sent SnowMan!~martinb@152.157.4.77 OPME me ass
02:20:55 Sep 06 1994:  #wetsex on #wetsex sent piraeus!piraeus@netcom13.netcom.com OPME (null)
02:22:32 Sep 06 1994:  #wetsex on #wetsex sent piraeus!piraeus@netcom13.netcom.com OPME (null)
02:25:35 Sep 06 1994:  #wetsex on * sent piraeus!piraeus@netcom13.netcom.com RSHIT *!*@*.maricopa.edu
02:25:49 Sep 06 1994:  #wetsex on * sent piraeus!piraeus@netcom13.netcom.com SAVESHIT (null)
02:57:30 Sep 06 1994:  #wetsex on #wetsex sent DonJuan!satanas@coos.dartmouth.edu OPME (null)
03:01:01 Sep 06 1994:  #wetsex on #wetsex sent SnowMan!snowboy@alfred1.u.washington.edu OPME (null)
03:10:43 Sep 06 1994:  #wetsex on #wetsex sent JackFrost!jackfrst@isumataq.eskimo.com OPME (null)
03:17:31 Sep 06 1994:  #wetsex on #wetsex sent JackFrost!jackfrst@isumataq.eskimo.com OPME (null)
03:29:48 Sep 06 1994:  #wetsex on #wetsex sent JackFrost!jackfrst@isumataq.eskimo.com OPME my ass like you did last time
03:38:17 Sep 06 1994:  #wetsex on #wetsex sent pir!piraeus@netcom13.netcom.com OPME (null)
03:39:21 Sep 06 1994:  #wetsex on #wetsex sent pir!piraeus@netcom13.netcom.com DEOPME even
03:39:54 Sep 06 1994:  #wetsex on #wetsex sent pir!piraeus@netcom13.netcom.com OPME (null)
03:40:07 Sep 06 1994:  #wetsex on * sent pir!piraeus@netcom13.netcom.com DIE too many bots
04:02:25 Sep 06 1994:  #wetsex on #wetsex sent JackFrost!jackfrst@isumataq.eskimo.com OPME my as
04:04:28 Sep 06 1994:  #wetsex on #wetsex sent ladyangel!ladyangel@gpu.srv.ualberta.ca OPME (null)
09:09:52 Sep 06 1994:  #wetsex on #wetsex sent PoisonIvy!jchrist@deepthought.armory.com OPME (null)
09:10:55 Sep 06 1994:  #wetsex on * sent piraeus!piraeus@netcom9.netcom.com DEL * poisonivy
09:11:05 Sep 06 1994:  #wetsex on * sent piraeus!piraeus@netcom9.netcom.com SAVEUSERS (null)
09:18:19 Sep 06 1994:  #wetsex on #wetsex sent Goldey!uclw@woof.csci.sunyit.edu OPME me ass dammit :)
09:18:50 Sep 06 1994:  #wetsex on #wetsex sent piraeus!piraeus@netcom9.netcom.com DEOPME (null)
09:20:02 Sep 06 1994:  #wetsex on #wetsex sent Goldey!uclw@woof.csci.sunyit.edu DEOPME (null)
09:20:23 Sep 06 1994:  draku on #wetsex sent piraeus!piraeus@netcom9.netcom.com KICK goldey copycat
09:20:48 Sep 06 1994:  #wetsex on #wetsex sent Goldey!uclw@woof.csci.sunyit.edu OPME (null)
09:20:55 Sep 06 1994:  #wetsex on * sent piraeus!piraeus@netcom9.netcom.com PING (null)
09:21:10 Sep 06 1994:  #wetsex on * sent piraeus!piraeus@netcom9.netcom.com PING (null)
09:22:48 Sep 06 1994:  #wetsex on #wetsex sent SpErM!fadi@risc.ce.utep.edu OPME (null)
09:25:04 Sep 06 1994:  #wetsex on #wetsex sent piraeus!piraeus@netcom9.netcom.com OPME (null)
09:34:18 Sep 06 1994:  #wetsex on #wetsex sent rizzo!torno@helium.GAS.UUG.Arizona.EDU OPME me bitches
09:44:23 Sep 06 1994:  #wetsex on #wetsex sent rizzo!torno@helium.GAS.UUG.Arizona.EDU ACCESS (null)
09:45:02 Sep 06 1994:  #wetsex on #wetsex sent rizzo!torno@helium.GAS.UUG.Arizona.EDU OPME me fuckwits
09:50:37 Sep 06 1994:  #wetsex on #wetsex sent rizzo!torno@helium.GAS.UUG.Arizona.EDU OPME me gagots
09:51:00 Sep 06 1994:  #wetsex on #wetsex sent rizzo!torno@helium.GAS.UUG.Arizona.EDU PROT rizzo 2
09:51:12 Sep 06 1994:  #wetsex on * sent rizzo!torno@helium.GAS.UUG.Arizona.EDU SAVEUSERS (null)
09:52:12 Sep 06 1994:  #wetsex on #wetsex sent Goldey!uclw@cerberus.csci.sunyit.edu OPME my ass dammit!
01:06:23 Sep 15 1994:  #wetsex on * sent piraeus!piraeus@netcom12.netcom.com PING (null)
01:06:36 Sep 15 1994:  #wetsex on * sent piraeus!piraeus@netcom12.netcom.com DIE (null)
