[VladBot] Thu Mar 10 21:20:21 1994: DCC get from RoNaTaN!oishiken@uranos.nki.no: botdox received
[VladBot] Thu Mar 10 21:20:29 1994: DCC sending /home/A/barron/IRC/files//botdox to RoNaTaN!oishiken@uranos.nki.no
[Ariela] Thu Mar 10 21:28:54 1994: DCC get from RoNaTaN!oishiken@uranos.nki.no: DEATHSTAR1.0.tar.gz received
[Ariela] Fri Mar 11 00:54:34 1994: DCC get from Wulfgar!arlam@lynx.dac.neu.edu: toolbox.tar.z received
[Ariela] Fri Mar 11 00:54:54 1994: DCC get from Wulfgar!arlam@lynx.dac.neu.edu: toolbox.tar.Z received
[Ariela] Fri Mar 11 00:55:13 1994: DCC sending /home/A/barron/IRC/files//toolbox.tar.Z to Wulfgar!arlam@lynx.dac.neu.edu
[Ariela] Fri Mar 11 01:11:27 1994: DCC get from arlam!arlam@lynx.dac.neu.edu: toolbox.tar.Z received
[Ariela] Fri Mar 11 01:11:51 1994: DCC sending /home/A/barron/IRC/files//toolbox.tar.Z to arlam!arlam@lynx.dac.neu.edu
[Ariela] Fri Mar 11 01:26:17 1994: DCC get from arlam!arlam@lynx.dac.neu.edu: ftp_tutor received
[Ariela] Fri Mar 11 01:26:31 1994: DCC sending /home/A/barron/IRC/files//ftp_tutor to arlam!arlam@lynx.dac.neu.edu
[Ariela] Fri Mar 11 03:29:34 1994: DCC get from Warlock!hintz@kalama.doe.Hawaii.Edu: botdox received
[Ariela] Fri Mar 11 03:29:43 1994: DCC get from Warlock!hintz@kalama.doe.Hawaii.Edu: samplebot received
[Ariela] Fri Mar 11 03:31:51 1994: DCC sending /home/A/barron/IRC/files//samplebot to Warlock!hintz@kalama.doe.Hawaii.Edu
[Ariela] Fri Mar 11 03:32:40 1994: DCC get from Warlock!hintz@kalama.doe.Hawaii.Edu: botdox received
[Ariela] Fri Mar 11 03:33:27 1994: DCC sending /home/A/barron/IRC/files//botdox to Warlock!hintz@kalama.doe.Hawaii.Edu
[Ariela] Fri Mar 11 03:49:18 1994: DCC get from FoNz!cnbp160@cruachan.cc.strath.ac.uk: botdox received
[Ariela] Fri Mar 11 03:49:43 1994: DCC sending /home/A/barron/IRC/files//botdox to FoNz!cnbp160@cruachan.cc.strath.ac.uk
[Ariela] Fri Mar 11 03:50:00 1994: DCC get from FoNz!cnbp160@cruachan.cc.strath.ac.uk: samplebot received
[Ariela] Sat Mar 12 00:49:15 1994: DCC get from yokuba65!yokuba65@TICKER.WHARTON.UPENN.EDU: superak2.5.shar received
[Ariela] Sat Mar 12 00:49:31 1994: DCC get from yokuba65!yokuba65@TICKER.WHARTON.UPENN.EDU: superpak2.5.shar received
[Ariela] Sat Mar 12 00:49:36 1994: DCC sending /home/A/barron/IRC/files//superpak2.5.shar to yokuba65!yokuba65@TICKER.WHARTON.UPENN.EDU
[Knight] Sun Mar 13 15:39:51 1994: DCC get from Suttle!dsf@comp.uark.edu: lost received
[Knight] Sun Mar 13 15:40:10 1994: DCC get from Suttle!dsf@comp.uark.edu: * received
[Knight] Sun Mar 13 15:45:11 1994: DCC sending /home/A/barron/IRC/files//Lego.gif to Suttle!dsf@comp.uark.edu
[Knight] Sun Mar 13 15:49:55 1994: DCC sending /home/A/barron/IRC/files//barron.gif to Suttle!dsf@comp.uark.edu
[Knight] Sun Mar 13 15:50:56 1994: DCC sending /home/A/barron/IRC/files//bigdummy_guide to Suttle!dsf@comp.uark.edu
[Knight] Sun Mar 13 18:33:23 1994: DCC get from Suttle!dsf@comp.uark.edu: gemmy received
[Knight] Sun Mar 13 18:33:23 1994: DCC get from Suttle!dsf@comp.uark.edu: cshow* received
